<?xml version="1.0" encoding="UTF-8"?>
<testng-results ignored="0" total="2" passed="2" failed="0" skipped="0">
  <reporter-output>
  </reporter-output>
  <suite started-at="2022-12-19T16:20:39 EST" name="Default suite" finished-at="2022-12-19T16:20:39 EST" duration-ms="35">
    <groups>
    </groups>
    <test started-at="2022-12-19T16:20:39 EST" name="Default test" finished-at="2022-12-19T16:20:39 EST" duration-ms="35">
      <class name="test.Basic_TestNg">
        <test-method signature="Demo()[pri:0, instance:test.Basic_TestNg@f381794]" started-at="2022-12-19T16:20:39 EST" name="Demo" finished-at="2022-12-19T16:20:39 EST" duration-ms="5" status="PASS">
          <reporter-output>
          </reporter-output>
        </test-method> <!-- Demo -->
        <test-method signature="Demo1()[pri:0, instance:test.Basic_TestNg@f381794]" started-at="2022-12-19T16:20:39 EST" name="Demo1" finished-at="2022-12-19T16:20:39 EST" duration-ms="0" status="PASS">
          <reporter-output>
          </reporter-output>
        </test-method> <!-- Demo1 -->
      </class> <!-- test.Basic_TestNg -->
    </test> <!-- Default test -->
  </suite> <!-- Default suite -->
</testng-results>
